{
  "stats": {
    "suites": 1,
    "tests": 3,
    "passes": 1,
    "pending": 0,
    "failures": 2,
    "start": "2025-10-19T15:27:58.526Z",
    "end": "2025-10-19T15:31:02.251Z",
    "duration": 183725,
    "testsRegistered": 3,
    "passPercent": 33.33333333333333,
    "pendingPercent": 0,
    "other": 0,
    "hasOther": false,
    "skipped": 0,
    "hasSkipped": false
  },
  "results": [
    {
      "uuid": "aaffce04-2e34-4d91-a7e7-469bab6b5693",
      "title": "",
      "fullFile": "cypress/e2e/cart-flow.cy.tsx",
      "file": "cypress/e2e/cart-flow.cy.tsx",
      "beforeHooks": [],
      "afterHooks": [],
      "tests": [],
      "suites": [
        {
          "uuid": "a2a61668-f742-4a20-a5ad-4f8bc4190e8c",
          "title": "Cart Flow",
          "fullFile": "",
          "file": "",
          "beforeHooks": [],
          "afterHooks": [],
          "tests": [
            {
              "title": "should load cart page",
              "fullTitle": "Cart Flow should load cart page",
              "timedOut": null,
              "duration": 1384,
              "state": "passed",
              "speed": "fast",
              "pass": true,
              "fail": false,
              "pending": false,
              "context": null,
              "code": "cy.visit('/cart', { failOnStatusCode: false });\ncy.url().should('include', '/cart');",
              "err": {},
              "uuid": "62fea46a-c9a3-48e9-8fe3-6bfe4b4d2ca7",
              "parentUUID": "a2a61668-f742-4a20-a5ad-4f8bc4190e8c",
              "isHook": false,
              "skipped": false
            },
            {
              "title": "should display error for missing concert",
              "fullTitle": "Cart Flow should display error for missing concert",
              "timedOut": null,
              "duration": 30375,
              "state": "failed",
              "speed": null,
              "pass": false,
              "fail": true,
              "pending": false,
              "context": null,
              "code": "cy.visit('/cart?concertId=invalid', { timeout: 30000 });\ncy.contains('Концертын мэдээлэл олдсонгүй', { timeout: 30000 }).should('be.visible');",
              "err": {
                "message": "AssertionError: Timed out retrying after 30000ms: Expected to find content: 'Концертын мэдээлэл олдсонгүй' but never did.",
                "estack": "AssertionError: Timed out retrying after 30000ms: Expected to find content: 'Концертын мэдээлэл олдсонгүй' but never did.\n    at Context.eval (webpack:///./cypress/e2e/cart-flow.cy.tsx:9:68)",
                "diff": null
              },
              "uuid": "894a2e10-de70-4916-a27f-ad47ca03e022",
              "parentUUID": "a2a61668-f742-4a20-a5ad-4f8bc4190e8c",
              "isHook": false,
              "skipped": false
            },
            {
              "title": "should display back button on error state",
              "fullTitle": "Cart Flow should display back button on error state",
              "timedOut": null,
              "duration": 30318,
              "state": "failed",
              "speed": null,
              "pass": false,
              "fail": true,
              "pending": false,
              "context": null,
              "code": "cy.visit('/cart?concertId=invalid', { timeout: 30000 });\ncy.contains('Концертын мэдээлэл олдсонгүй', { timeout: 30000 }).should('be.visible');\ncy.wait(1000);\ncy.get('[data-testid=\"back-button\"]').should('be.visible');",
              "err": {
                "message": "AssertionError: Timed out retrying after 30000ms: Expected to find content: 'Концертын мэдээлэл олдсонгүй' but never did.",
                "estack": "AssertionError: Timed out retrying after 30000ms: Expected to find content: 'Концертын мэдээлэл олдсонгүй' but never did.\n    at Context.eval (webpack:///./cypress/e2e/cart-flow.cy.tsx:14:68)",
                "diff": null
              },
              "uuid": "8d56375a-5966-4763-aacf-b51b325eb6d4",
              "parentUUID": "a2a61668-f742-4a20-a5ad-4f8bc4190e8c",
              "isHook": false,
              "skipped": false
            }
          ],
          "suites": [],
          "passes": [
            "62fea46a-c9a3-48e9-8fe3-6bfe4b4d2ca7"
          ],
          "failures": [
            "894a2e10-de70-4916-a27f-ad47ca03e022",
            "8d56375a-5966-4763-aacf-b51b325eb6d4"
          ],
          "pending": [],
          "skipped": [],
          "duration": 62077,
          "root": false,
          "rootEmpty": false,
          "_timeout": 2000
        }
      ],
      "passes": [],
      "failures": [],
      "pending": [],
      "skipped": [],
      "duration": 0,
      "root": true,
      "rootEmpty": true,
      "_timeout": 2000
    }
  ],
  "meta": {
    "mocha": {
      "version": "7.2.0"
    },
    "mochawesome": {
      "options": {
        "quiet": false,
        "reportFilename": "mochawesome",
        "saveHtml": false,
        "saveJson": true,
        "consoleReporter": "spec",
        "useInlineDiffs": false,
        "code": true
      },
      "version": "7.1.3"
    },
    "marge": {
      "options": {
        "id": "default",
        "reportDir": "cypress/results",
        "overwrite": false,
        "html": false,
        "json": true
      },
      "version": "6.3.0"
    }
  }
}