{
  "stats": {
    "suites": 1,
    "tests": 1,
    "passes": 1,
    "pending": 0,
    "failures": 0,
    "start": "2025-10-19T15:33:15.407Z",
    "end": "2025-10-19T15:33:17.786Z",
    "duration": 2379,
    "testsRegistered": 1,
    "passPercent": 100,
    "pendingPercent": 0,
    "other": 0,
    "hasOther": false,
    "skipped": 0,
    "hasSkipped": false
  },
  "results": [
    {
      "uuid": "6c939ddf-5dc9-4ec6-85a5-5f029d21b043",
      "title": "",
      "fullFile": "cypress/e2e/render-all.pages.cy.tsx",
      "file": "cypress/e2e/render-all.pages.cy.tsx",
      "beforeHooks": [],
      "afterHooks": [],
      "tests": [],
      "suites": [
        {
          "uuid": "9447c4e4-df90-4541-b8e7-560beb052fe4",
          "title": "render all pages",
          "fullFile": "",
          "file": "",
          "beforeHooks": [],
          "afterHooks": [],
          "tests": [
            {
              "title": "Should render all page",
              "fullTitle": "render all pages Should render all page",
              "timedOut": null,
              "duration": 2365,
              "state": "passed",
              "speed": "fast",
              "pass": true,
              "fail": false,
              "pending": false,
              "context": null,
              "code": "cy.log(JSON.stringify(all_pages_json_1.default));\nall_pages_json_1.default.forEach((page) => {\n    cy.visit(page);\n});",
              "err": {},
              "uuid": "a6302cc8-9e41-41d0-bace-07d5c7aaa4a9",
              "parentUUID": "9447c4e4-df90-4541-b8e7-560beb052fe4",
              "isHook": false,
              "skipped": false
            }
          ],
          "suites": [],
          "passes": [
            "a6302cc8-9e41-41d0-bace-07d5c7aaa4a9"
          ],
          "failures": [],
          "pending": [],
          "skipped": [],
          "duration": 2365,
          "root": false,
          "rootEmpty": false,
          "_timeout": 2000
        }
      ],
      "passes": [],
      "failures": [],
      "pending": [],
      "skipped": [],
      "duration": 0,
      "root": true,
      "rootEmpty": true,
      "_timeout": 2000
    }
  ],
  "meta": {
    "mocha": {
      "version": "7.2.0"
    },
    "mochawesome": {
      "options": {
        "quiet": false,
        "reportFilename": "mochawesome",
        "saveHtml": false,
        "saveJson": true,
        "consoleReporter": "spec",
        "useInlineDiffs": false,
        "code": true
      },
      "version": "7.1.3"
    },
    "marge": {
      "options": {
        "id": "default",
        "reportDir": "cypress/results",
        "overwrite": false,
        "html": false,
        "json": true
      },
      "version": "6.3.0"
    }
  }
}