{
  "stats": {
    "suites": 1,
    "tests": 5,
    "passes": 5,
    "pending": 0,
    "failures": 0,
    "start": "2025-10-19T15:33:18.763Z",
    "end": "2025-10-19T15:33:19.964Z",
    "duration": 1201,
    "testsRegistered": 5,
    "passPercent": 100,
    "pendingPercent": 0,
    "other": 0,
    "hasOther": false,
    "skipped": 0,
    "hasSkipped": false
  },
  "results": [
    {
      "uuid": "2af6d03c-b2bd-4b77-af0b-db15021f8622",
      "title": "",
      "fullFile": "cypress/e2e/search-page.cy.tsx",
      "file": "cypress/e2e/search-page.cy.tsx",
      "beforeHooks": [],
      "afterHooks": [],
      "tests": [],
      "suites": [
        {
          "uuid": "36dd89f8-3323-4f98-adf9-6690dc72c8ff",
          "title": "Search Page",
          "fullFile": "",
          "file": "",
          "beforeHooks": [],
          "afterHooks": [],
          "tests": [
            {
              "title": "should load the search page",
              "fullTitle": "Search Page should load the search page",
              "timedOut": null,
              "duration": 236,
              "state": "passed",
              "speed": "fast",
              "pass": true,
              "fail": false,
              "pending": false,
              "context": null,
              "code": "cy.url().should('include', '/search');",
              "err": {},
              "uuid": "95efdb65-4838-46c0-a71a-f952010a85aa",
              "parentUUID": "36dd89f8-3323-4f98-adf9-6690dc72c8ff",
              "isHook": false,
              "skipped": false
            },
            {
              "title": "should display search input",
              "fullTitle": "Search Page should display search input",
              "timedOut": null,
              "duration": 189,
              "state": "passed",
              "speed": "fast",
              "pass": true,
              "fail": false,
              "pending": false,
              "context": null,
              "code": "cy.get('input[placeholder=\"Хайлт...\"]').should('be.visible');",
              "err": {},
              "uuid": "adeda8c1-033b-4908-95ac-3b3158f9e1b2",
              "parentUUID": "36dd89f8-3323-4f98-adf9-6690dc72c8ff",
              "isHook": false,
              "skipped": false
            },
            {
              "title": "should display navigation bar",
              "fullTitle": "Search Page should display navigation bar",
              "timedOut": null,
              "duration": 189,
              "state": "passed",
              "speed": "fast",
              "pass": true,
              "fail": false,
              "pending": false,
              "context": null,
              "code": "cy.contains('TICKET BOOKING').should('be.visible');",
              "err": {},
              "uuid": "1fad02e9-c210-4e69-82b2-0ca3d4c0ffe1",
              "parentUUID": "36dd89f8-3323-4f98-adf9-6690dc72c8ff",
              "isHook": false,
              "skipped": false
            },
            {
              "title": "should allow entering search query",
              "fullTitle": "Search Page should allow entering search query",
              "timedOut": null,
              "duration": 367,
              "state": "passed",
              "speed": "fast",
              "pass": true,
              "fail": false,
              "pending": false,
              "context": null,
              "code": "cy.get('input[placeholder=\"Хайлт...\"]').type('music').should('have.value', 'music');",
              "err": {},
              "uuid": "1610b6e5-48aa-4ce2-9961-9c6d9eb0d255",
              "parentUUID": "36dd89f8-3323-4f98-adf9-6690dc72c8ff",
              "isHook": false,
              "skipped": false
            },
            {
              "title": "should display date filter button",
              "fullTitle": "Search Page should display date filter button",
              "timedOut": null,
              "duration": 176,
              "state": "passed",
              "speed": "fast",
              "pass": true,
              "fail": false,
              "pending": false,
              "context": null,
              "code": "cy.contains('Огноо сонгох').should('be.visible');",
              "err": {},
              "uuid": "7fdf1f33-002d-4103-854d-ccb29d8de1de",
              "parentUUID": "36dd89f8-3323-4f98-adf9-6690dc72c8ff",
              "isHook": false,
              "skipped": false
            }
          ],
          "suites": [],
          "passes": [
            "95efdb65-4838-46c0-a71a-f952010a85aa",
            "adeda8c1-033b-4908-95ac-3b3158f9e1b2",
            "1fad02e9-c210-4e69-82b2-0ca3d4c0ffe1",
            "1610b6e5-48aa-4ce2-9961-9c6d9eb0d255",
            "7fdf1f33-002d-4103-854d-ccb29d8de1de"
          ],
          "failures": [],
          "pending": [],
          "skipped": [],
          "duration": 1157,
          "root": false,
          "rootEmpty": false,
          "_timeout": 2000
        }
      ],
      "passes": [],
      "failures": [],
      "pending": [],
      "skipped": [],
      "duration": 0,
      "root": true,
      "rootEmpty": true,
      "_timeout": 2000
    }
  ],
  "meta": {
    "mocha": {
      "version": "7.2.0"
    },
    "mochawesome": {
      "options": {
        "quiet": false,
        "reportFilename": "mochawesome",
        "saveHtml": false,
        "saveJson": true,
        "consoleReporter": "spec",
        "useInlineDiffs": false,
        "code": true
      },
      "version": "7.1.3"
    },
    "marge": {
      "options": {
        "id": "default",
        "reportDir": "cypress/results",
        "overwrite": false,
        "html": false,
        "json": true
      },
      "version": "6.3.0"
    }
  }
}